<?xml version="1.0" encoding="UTF-8"?>
<!-- Generated by org.testng.reporters.JUnitReportReporter -->
<testsuite hostname="ANUJs-MacBook-Air.local" failures="0" tests="1" name="abc.Takescreenshot" time="7.180" errors="0" timestamp="16 Sep 2018 19:02:38 GMT" skipped="0">
  <testcase classname="abc.Takescreenshot" name="screenshot" time="7.180"/>
</testsuite> <!-- abc.Takescreenshot -->
