<?xml version="1.0" encoding="UTF-8"?>
<!-- Generated by org.testng.reporters.JUnitReportReporter -->
<testsuite hostname="ANUJs-Air" failures="0" tests="1" name="abc.Test3" time="0.021" errors="0" timestamp="10 Feb 2019 18:20:55 GMT">
  <testcase classname="abc.Test3" name="meth" time="0.021"/>
</testsuite> <!-- abc.Test3 -->
