<?xml version="1.0" encoding="UTF-8"?>
<!-- Generated by org.testng.reporters.JUnitReportReporter -->
<testsuite hostname="ANUJs-MacBook-Air.local" failures="0" tests="1" name="practice.Overriding" time="0.014" errors="0" timestamp="21 Jan 2019 20:38:20 GMT">
  <testcase classname="practice.Overriding" name="method4" time="0.014"/>
</testsuite> <!-- practice.Overriding -->
