<?xml version="1.0" encoding="UTF-8"?>
<!-- Generated by org.testng.reporters.JUnitReportReporter -->
<testsuite hostname="ANUJs-MacBook-Air.local" failures="0" tests="1" name="abc.Testing" time="0.557" errors="0" timestamp="16 Sep 2018 23:16:52 GMT">
  <testcase classname="abc.Testing" name="method1" time="0.557"/>
</testsuite> <!-- abc.Testing -->
