<?xml version="1.0" encoding="UTF-8"?>
<!-- Generated by org.testng.reporters.JUnitReportReporter -->
<testsuite hostname="ANUJs-Air" failures="0" tests="2" name="abc.Annitatios" time="0.012" errors="0" timestamp="10 Feb 2019 21:11:36 GMT">
  <testcase classname="abc.Annitatios" name="test1" time="0.004"/>
  <testcase classname="abc.Annitatios" name="test" time="0.008"/>
</testsuite> <!-- abc.Annitatios -->
